        -:    0:Source:C:/Users/HP/CLionProjects/untitled7/VJ1.cpp
        -:    0:Graph:C:\Users\HP\CLionProjects\untitled7\cmake-build-debug-coverage\CMakeFiles\untitled7.dir\VJ1.cpp.gcno
        -:    0:Data:C:\Users\HP\CLionProjects\untitled7\cmake-build-debug-coverage\CMakeFiles\untitled7.dir\VJ1.cpp.gcda
        -:    0:Runs:1
        -:    1:#include <iostream>
        -:    2:#include <vector>
        -:    3:using namespace std;
        -:    4:
        -:    5:class Pedalina {
        -:    6:public:
        -:    7:    string boja;
        -:    8:    int kapacitet;
        -:    9:};
        -:   10:
        -:   11:class Lokacija {
        -:   12:public:
        -:   13:    string ime, prezime;
        -:   14:    double x, y;
        -:   15:    vector<Pedalina> predmeti;
        -:   16:};
        -:   17:
        -:   18:
function _Z5main2v called 0 returned 0% blocks executed 0%
    #####:   19:int main2() {
        -:   20:    int n;
    #####:   21:    cout << "Unesite broj lokacija (N):";
    %%%%%:   21-block  0
call    0 never executed
branch  1 never executed (fallthrough)
branch  2 never executed (throw)
    #####:   22:    cin >> n;
    %%%%%:   22-block  0
call    0 never executed
branch  1 never executed (fallthrough)
branch  2 never executed (throw)
    #####:   23:    vector<Lokacija> lokacije(n);
    %%%%%:   23-block  0
call    0 never executed
branch  1 never executed (fallthrough)
branch  2 never executed (throw)
    $$$$$:   23-block  1
    #####:   24:    Pedalina pedalina;
call    0 never executed
    #####:   25:    for (int i = 0; i < n; i++){
    %%%%%:   25-block  0
    %%%%%:   25-block  1
branch  0 never executed
branch  1 never executed (fallthrough)
    #####:   26:        cout << "Unesite odgovornu osobu i GPS koordinate za " << i + 1 << ". lokaciju:" << endl;
    %%%%%:   26-block  0
call    0 never executed
branch  1 never executed (fallthrough)
branch  2 never executed (throw)
    %%%%%:   26-block  1
call    3 never executed
branch  4 never executed (fallthrough)
branch  5 never executed (throw)
    %%%%%:   26-block  2
call    6 never executed
branch  7 never executed (fallthrough)
branch  8 never executed (throw)
    %%%%%:   26-block  3
call    9 never executed
branch 10 never executed (fallthrough)
branch 11 never executed (throw)
    #####:   27:        cin >> lokacije[i].ime >> lokacije[i].prezime >> lokacije[i].x >> lokacije[i].y;
    %%%%%:   27-block  0
call    0 never executed
call    1 never executed
branch  2 never executed (fallthrough)
branch  3 never executed (throw)
    %%%%%:   27-block  1
call    4 never executed
call    5 never executed
branch  6 never executed (fallthrough)
branch  7 never executed (throw)
    %%%%%:   27-block  2
call    8 never executed
call    9 never executed
branch 10 never executed (fallthrough)
branch 11 never executed (throw)
    %%%%%:   27-block  3
call   12 never executed
call   13 never executed
branch 14 never executed (fallthrough)
branch 15 never executed (throw)
        -:   28:    }
        -:   29:
        -:   30:    int m;
    #####:   31:    cout << " Unesite broj pedalina (M): ";
    %%%%%:   31-block  0
call    0 never executed
branch  1 never executed (fallthrough)
branch  2 never executed (throw)
    #####:   32:    cin >> m;
    %%%%%:   32-block  0
call    0 never executed
branch  1 never executed (fallthrough)
branch  2 never executed (throw)
        -:   33:
    #####:   34:    for (int i = 0; i < m; i++) {
    %%%%%:   34-block  0
    %%%%%:   34-block  1
    %%%%%:   34-block  2
branch  0 never executed
branch  1 never executed (fallthrough)
    #####:   35:        cout << "Unesite redni broj lokacije kojoj pripada " << i + 1 << ". pedalina: ";
    %%%%%:   35-block  0
call    0 never executed
branch  1 never executed (fallthrough)
branch  2 never executed (throw)
    %%%%%:   35-block  1
call    3 never executed
branch  4 never executed (fallthrough)
branch  5 never executed (throw)
    %%%%%:   35-block  2
call    6 never executed
branch  7 never executed (fallthrough)
branch  8 never executed (throw)
        -:   36:        int lokacija;
    #####:   37:        cin >> lokacija;
    %%%%%:   37-block  0
call    0 never executed
branch  1 never executed (fallthrough)
branch  2 never executed (throw)
    #####:   38:        lokacija--;
    #####:   39:        cout << "Unesite boju i kapacitet pedaline:" << endl;
    %%%%%:   39-block  0
call    0 never executed
branch  1 never executed (fallthrough)
branch  2 never executed (throw)
    %%%%%:   39-block  1
call    3 never executed
branch  4 never executed (fallthrough)
branch  5 never executed (throw)
    #####:   40:        cin >> pedalina.boja >> pedalina.kapacitet;
    %%%%%:   40-block  0
call    0 never executed
branch  1 never executed (fallthrough)
branch  2 never executed (throw)
    %%%%%:   40-block  1
call    3 never executed
branch  4 never executed (fallthrough)
branch  5 never executed (throw)
    #####:   41:        lokacije[lokacija].predmeti.push_back(pedalina);
    %%%%%:   41-block  0
call    0 never executed
call    1 never executed
branch  2 never executed (fallthrough)
branch  3 never executed (throw)
        -:   42:    }
        -:   43:
    #####:   44:    cout << "Ispis lokacija i pedalina:" << endl;
    %%%%%:   44-block  0
call    0 never executed
branch  1 never executed (fallthrough)
branch  2 never executed (throw)
    %%%%%:   44-block  1
call    3 never executed
branch  4 never executed (fallthrough)
branch  5 never executed (throw)
    #####:   45:    for (int i = 0; i < n; i++) {
    %%%%%:   45-block  0
    %%%%%:   45-block  1
    %%%%%:   45-block  2
branch  0 never executed
branch  1 never executed (fallthrough)
    #####:   46:        cout << i + 1 << ". " << lokacije[i].x << " " << lokacije[i].y << " " << lokacije[i].ime << " " << lokacije[i].prezime << " ";
    %%%%%:   46-block  0
call    0 never executed
branch  1 never executed (fallthrough)
branch  2 never executed (throw)
    %%%%%:   46-block  1
call    3 never executed
branch  4 never executed (fallthrough)
branch  5 never executed (throw)
    %%%%%:   46-block  2
call    6 never executed
call    7 never executed
branch  8 never executed (fallthrough)
branch  9 never executed (throw)
    %%%%%:   46-block  3
call   10 never executed
branch 11 never executed (fallthrough)
branch 12 never executed (throw)
    %%%%%:   46-block  4
call   13 never executed
call   14 never executed
branch 15 never executed (fallthrough)
branch 16 never executed (throw)
    %%%%%:   46-block  5
call   17 never executed
branch 18 never executed (fallthrough)
branch 19 never executed (throw)
    %%%%%:   46-block  6
call   20 never executed
call   21 never executed
branch 22 never executed (fallthrough)
branch 23 never executed (throw)
    %%%%%:   46-block  7
call   24 never executed
branch 25 never executed (fallthrough)
branch 26 never executed (throw)
    %%%%%:   46-block  8
call   27 never executed
call   28 never executed
branch 29 never executed (fallthrough)
branch 30 never executed (throw)
    %%%%%:   46-block  9
call   31 never executed
branch 32 never executed (fallthrough)
branch 33 never executed (throw)
    #####:   47:        cout << "- pedaline: ";
    %%%%%:   47-block  0
call    0 never executed
branch  1 never executed (fallthrough)
branch  2 never executed (throw)
    #####:   48:        for (int j = 0; j < lokacije[i].predmeti.size(); j++) {
    %%%%%:   48-block  0
    %%%%%:   48-block  1
    %%%%%:   48-block  2
call    0 never executed
call    1 never executed
branch  2 never executed
branch  3 never executed (fallthrough)
    #####:   49:            cout << lokacije[i].predmeti[j].boja << " (" << lokacije[i].predmeti[j].kapacitet << ") ";
    %%%%%:   49-block  0
call    0 never executed
call    1 never executed
call    2 never executed
branch  3 never executed (fallthrough)
branch  4 never executed (throw)
    %%%%%:   49-block  1
call    5 never executed
branch  6 never executed (fallthrough)
branch  7 never executed (throw)
    %%%%%:   49-block  2
call    8 never executed
call    9 never executed
call   10 never executed
branch 11 never executed (fallthrough)
branch 12 never executed (throw)
    %%%%%:   49-block  3
call   13 never executed
branch 14 never executed (fallthrough)
branch 15 never executed (throw)
        -:   50:        }
    #####:   51:        cout << endl;
    %%%%%:   51-block  0
call    0 never executed
branch  1 never executed (fallthrough)
branch  2 never executed (throw)
        -:   52:    }
        -:   53:
    #####:   54:    return 0;
    %%%%%:   54-block  0
    #####:   55:}
    %%%%%:   55-block  0
call    0 never executed
call    1 never executed
    $$$$$:   55-block  1
call    2 never executed
    $$$$$:   55-block  2
call    3 never executed
